# Logfile created on Sat Jan 09 22:46:18 +0000 2010 by /
D, [2010-01-09T22:46:18.262000 #8352] DEBUG -- : REQUESTING PAGE: GET http://www.google.com/ with {} and HTTP headers {}
D, [2010-01-09T22:46:18.738000 #8352] DEBUG -- : REQUESTING PAGE: GET /search with {"btnG"=>"Google Search", "hl"=>"en", "meta"=>"", "q"=>"asp.net", "ie"=>"ISO-8859-1", "source"=>"hp"} and HTTP headers {"HTTP_REFERER"=>"http://www.google.com/"}
D, [2010-01-09T23:02:13.146000 #13036] DEBUG -- : REQUESTING PAGE: GET http://www.google.com/ with {} and HTTP headers {}
D, [2010-01-09T23:02:13.489000 #13036] DEBUG -- : REQUESTING PAGE: GET /search with {"btnG"=>"Google Search", "hl"=>"en", "meta"=>"", "q"=>"asp.net", "ie"=>"ISO-8859-1", "source"=>"hp"} and HTTP headers {"HTTP_REFERER"=>"http://www.google.com/"}
D, [2010-01-10T00:48:05.022000 #20580] DEBUG -- : REQUESTING PAGE: GET http://localhost:5764// with {} and HTTP headers {}
D, [2010-01-10T00:48:05.101000 #20580] DEBUG -- : REQUESTING PAGE: GET http://localhost:5764// with {} and HTTP headers {}
D, [2010-01-10T00:48:10.797000 #5496] DEBUG -- : REQUESTING PAGE: GET http://localhost:5764// with {} and HTTP headers {}
D, [2010-01-10T00:48:10.877000 #5496] DEBUG -- : REQUESTING PAGE: GET http://localhost:5764// with {} and HTTP headers {}
D, [2010-01-10T00:49:04.583000 #19360] DEBUG -- : REQUESTING PAGE: GET http://localhost:5764/ with {} and HTTP headers {}
D, [2010-01-10T00:49:06.166000 #19360] DEBUG -- : REQUESTING PAGE: GET http://localhost:5764/ with {} and HTTP headers {}
D, [2010-01-10T00:51:15.867000 #22664] DEBUG -- : REQUESTING PAGE: GET http://localhost:5764/ with {} and HTTP headers {}
D, [2010-01-10T00:51:18.791000 #22664] DEBUG -- : REQUESTING PAGE: GET http://localhost:5764/ with {} and HTTP headers {}
D, [2010-01-10T00:53:50.297000 #23800] DEBUG -- : REQUESTING PAGE: GET http://localhost:5764/ with {} and HTTP headers {}
D, [2010-01-10T00:53:50.806000 #23800] DEBUG -- : REQUESTING PAGE: GET http://localhost:5764/ with {} and HTTP headers {}
D, [2010-01-10T00:57:39.703000 #23488] DEBUG -- : REQUESTING PAGE: GET http://localhost:5764/ with {} and HTTP headers {}
D, [2010-01-10T00:57:40.256000 #23488] DEBUG -- : REQUESTING PAGE: GET http://localhost:5764/ with {} and HTTP headers {}
D, [2010-01-10T01:00:09.723000 #25248] DEBUG -- : REQUESTING PAGE: GET http://localhost:5764/ with {} and HTTP headers {}
D, [2010-01-10T01:00:09.896000 #25248] DEBUG -- : REQUESTING PAGE: GET http://localhost:5764/ with {} and HTTP headers {}
D, [2010-01-10T01:01:27.029000 #26152] DEBUG -- : REQUESTING PAGE: GET http://localhost:5764/ with {} and HTTP headers {}
D, [2010-01-10T01:01:28.688000 #26152] DEBUG -- : REQUESTING PAGE: GET http://localhost:5764/ with {} and HTTP headers {}
D, [2010-01-10T01:10:30.073000 #29156] DEBUG -- : REQUESTING PAGE: GET http://localhost:5764/ with {} and HTTP headers {}
D, [2010-01-10T01:10:30.224000 #29156] DEBUG -- : REQUESTING PAGE: GET http://localhost:5764/ with {} and HTTP headers {}
D, [2010-01-10T01:11:04.258000 #29504] DEBUG -- : REQUESTING PAGE: GET http://localhost:5764/ with {} and HTTP headers {}
D, [2010-01-10T01:11:04.375000 #29504] DEBUG -- : REQUESTING PAGE: GET http://localhost:5764/ with {} and HTTP headers {}
D, [2010-01-10T01:11:35.762000 #29528] DEBUG -- : REQUESTING PAGE: GET http://localhost:5764/ with {} and HTTP headers {}
D, [2010-01-10T01:11:35.885000 #29528] DEBUG -- : REQUESTING PAGE: GET http://localhost:5764/ with {} and HTTP headers {}
D, [2010-01-10T01:13:14.367000 #29920] DEBUG -- : REQUESTING PAGE: GET http://localhost:5764/ with {} and HTTP headers {}
D, [2010-01-10T01:13:14.518000 #29920] DEBUG -- : REQUESTING PAGE: GET http://localhost:5764/ with {} and HTTP headers {}
D, [2010-01-10T01:22:10.078000 #33828] DEBUG -- : REQUESTING PAGE: GET http://localhost:5764/ with {} and HTTP headers {}
D, [2010-01-10T01:22:10.527000 #33828] DEBUG -- : REQUESTING PAGE: GET http://localhost:5764/ with {} and HTTP headers {}
D, [2010-01-10T01:35:00.477000 #35808] DEBUG -- : REQUESTING PAGE: GET http://localhost:5764/ with {} and HTTP headers {}
D, [2010-01-10T01:35:00.774000 #35808] DEBUG -- : REQUESTING PAGE: GET http://localhost:5764/ with {} and HTTP headers {}
D, [2010-01-10T01:35:21.825000 #19720] DEBUG -- : REQUESTING PAGE: GET http://localhost:5764/ with {} and HTTP headers {}
D, [2010-01-10T01:35:22.181000 #19720] DEBUG -- : REQUESTING PAGE: GET http://localhost:5764/ with {} and HTTP headers {}
D, [2010-01-10T01:35:45.036000 #10036] DEBUG -- : REQUESTING PAGE: GET http://localhost:5764/ with {} and HTTP headers {}
D, [2010-01-10T01:35:45.353000 #10036] DEBUG -- : REQUESTING PAGE: GET http://localhost:5764/ with {} and HTTP headers {}
D, [2010-01-10T01:36:15.576000 #6876] DEBUG -- : REQUESTING PAGE: GET http://localhost:5764/ with {} and HTTP headers {}
D, [2010-01-10T01:36:16.004000 #6876] DEBUG -- : REQUESTING PAGE: GET http://localhost:5764/ with {} and HTTP headers {}
D, [2010-01-10T01:36:32.761000 #9460] DEBUG -- : REQUESTING PAGE: GET http://localhost:5764/ with {} and HTTP headers {}
D, [2010-01-10T01:36:33.041000 #9460] DEBUG -- : REQUESTING PAGE: GET http://localhost:5764/ with {} and HTTP headers {}
D, [2010-01-10T01:37:39.896000 #11104] DEBUG -- : REQUESTING PAGE: GET http://localhost:5764/ with {} and HTTP headers {}
D, [2010-01-10T01:37:40.257000 #11104] DEBUG -- : REQUESTING PAGE: GET http://localhost:5764/ with {} and HTTP headers {}
D, [2010-01-10T01:42:20.710000 #25964] DEBUG -- : REQUESTING PAGE: GET http://localhost:5764/ with {} and HTTP headers {}
D, [2010-01-10T01:42:20.882000 #25964] DEBUG -- : REQUESTING PAGE: GET http://localhost:5764/ with {} and HTTP headers {}
D, [2010-01-10T02:13:23.445000 #22636] DEBUG -- : REQUESTING PAGE: GET http://localhost:5764/ with {} and HTTP headers {}
D, [2010-01-10T02:13:23.767000 #22636] DEBUG -- : REQUESTING PAGE: GET http://localhost:5764/ with {} and HTTP headers {}
D, [2010-01-10T02:15:08.367000 #22976] DEBUG -- : REQUESTING PAGE: GET http://localhost:5764/ with {} and HTTP headers {}
D, [2010-01-10T02:15:10.296000 #22976] DEBUG -- : REQUESTING PAGE: GET http://localhost:5764/ with {} and HTTP headers {}
